<?xml version="1.0" encoding="UTF-8"?>
<!-- Generated by org.testng.reporters.JUnitXMLReporter -->
<testsuite ignored="0" hostname="Vostro5490" failures="0" tests="4" name="Surefire test" time="9.1" errors="0" timestamp="2025-07-22T16:04:05 GMT+07:00">
  <testcase classname="tests.LoginTest" name="testLoginFromExcel" time="0.535"/>
  <testcase classname="tests.LoginTest" name="testLoginFromExcel" time="0.264"/>
  <testcase classname="tests.LoginTest" name="testLoginFromExcel" time="0.409"/>
  <testcase classname="tests.LoginTest" name="testLoginFromExcel" time="0.345"/>
</testsuite> <!-- Surefire test -->
