<?xml version="1.0" encoding="UTF-8"?>
<testng-results ignored="0" total="4" passed="4" failed="0" skipped="0">
  <reporter-output>
  </reporter-output>
  <suite started-at="2025-07-22T16:03:56 GMT+07:00" name="Surefire suite" finished-at="2025-07-22T16:04:05 GMT+07:00" duration-ms="9100">
    <groups>
    </groups>
    <test started-at="2025-07-22T16:03:56 GMT+07:00" name="Surefire test" finished-at="2025-07-22T16:04:05 GMT+07:00" duration-ms="9100">
      <class name="tests.LoginTest">
        <test-method is-config="true" signature="setUp()[pri:0, instance:tests.LoginTest@306f16f3]" started-at="2025-07-22T16:03:56 GMT+07:00" name="setUp" finished-at="2025-07-22T16:03:58 GMT+07:00" duration-ms="1970" status="PASS">
          <reporter-output>
          </reporter-output>
        </test-method> <!-- setUp -->
        <test-method signature="testLoginFromExcel(java.lang.String,java.lang.String,java.lang.String,java.lang.String)[pri:0, instance:tests.LoginTest@306f16f3]" started-at="2025-07-22T16:03:59 GMT+07:00" name="testLoginFromExcel" data-provider="loginData" finished-at="2025-07-22T16:03:59 GMT+07:00" duration-ms="535" status="PASS">
          <params>
            <param index="0">
              <value>
                <![CDATA[TC01]]>
              </value>
            </param>
            <param index="1">
              <value>
                <![CDATA[standard_user]]>
              </value>
            </param>
            <param index="2">
              <value>
                <![CDATA[secret_sauce]]>
              </value>
            </param>
            <param index="3">
              <value>
                <![CDATA[Success]]>
              </value>
            </param>
          </params>
          <reporter-output>
          </reporter-output>
        </test-method> <!-- testLoginFromExcel -->
        <test-method is-config="true" signature="tearDown()[pri:0, instance:tests.LoginTest@306f16f3]" started-at="2025-07-22T16:03:59 GMT+07:00" name="tearDown" finished-at="2025-07-22T16:03:59 GMT+07:00" duration-ms="192" status="PASS">
          <reporter-output>
          </reporter-output>
        </test-method> <!-- tearDown -->
        <test-method is-config="true" signature="setUp()[pri:0, instance:tests.LoginTest@306f16f3]" started-at="2025-07-22T16:03:59 GMT+07:00" name="setUp" finished-at="2025-07-22T16:04:01 GMT+07:00" duration-ms="1382" status="PASS">
          <reporter-output>
          </reporter-output>
        </test-method> <!-- setUp -->
        <test-method signature="testLoginFromExcel(java.lang.String,java.lang.String,java.lang.String,java.lang.String)[pri:0, instance:tests.LoginTest@306f16f3]" started-at="2025-07-22T16:04:01 GMT+07:00" name="testLoginFromExcel" data-provider="loginData" finished-at="2025-07-22T16:04:01 GMT+07:00" duration-ms="264" status="PASS">
          <params>
            <param index="0">
              <value>
                <![CDATA[TC02]]>
              </value>
            </param>
            <param index="1">
              <value>
                <![CDATA[locked_out_user]]>
              </value>
            </param>
            <param index="2">
              <value>
                <![CDATA[secret_sauce]]>
              </value>
            </param>
            <param index="3">
              <value>
                <![CDATA[Failure]]>
              </value>
            </param>
          </params>
          <reporter-output>
          </reporter-output>
        </test-method> <!-- testLoginFromExcel -->
        <test-method is-config="true" signature="tearDown()[pri:0, instance:tests.LoginTest@306f16f3]" started-at="2025-07-22T16:04:01 GMT+07:00" name="tearDown" finished-at="2025-07-22T16:04:01 GMT+07:00" duration-ms="172" status="PASS">
          <reporter-output>
          </reporter-output>
        </test-method> <!-- tearDown -->
        <test-method is-config="true" signature="setUp()[pri:0, instance:tests.LoginTest@306f16f3]" started-at="2025-07-22T16:04:01 GMT+07:00" name="setUp" finished-at="2025-07-22T16:04:02 GMT+07:00" duration-ms="1276" status="PASS">
          <reporter-output>
          </reporter-output>
        </test-method> <!-- setUp -->
        <test-method signature="testLoginFromExcel(java.lang.String,java.lang.String,java.lang.String,java.lang.String)[pri:0, instance:tests.LoginTest@306f16f3]" started-at="2025-07-22T16:04:02 GMT+07:00" name="testLoginFromExcel" data-provider="loginData" finished-at="2025-07-22T16:04:03 GMT+07:00" duration-ms="409" status="PASS">
          <params>
            <param index="0">
              <value>
                <![CDATA[TC03]]>
              </value>
            </param>
            <param index="1">
              <value>
                <![CDATA[problem_user]]>
              </value>
            </param>
            <param index="2">
              <value>
                <![CDATA[secret_sauce]]>
              </value>
            </param>
            <param index="3">
              <value>
                <![CDATA[Success]]>
              </value>
            </param>
          </params>
          <reporter-output>
          </reporter-output>
        </test-method> <!-- testLoginFromExcel -->
        <test-method is-config="true" signature="tearDown()[pri:0, instance:tests.LoginTest@306f16f3]" started-at="2025-07-22T16:04:03 GMT+07:00" name="tearDown" finished-at="2025-07-22T16:04:03 GMT+07:00" duration-ms="158" status="PASS">
          <reporter-output>
          </reporter-output>
        </test-method> <!-- tearDown -->
        <test-method is-config="true" signature="setUp()[pri:0, instance:tests.LoginTest@306f16f3]" started-at="2025-07-22T16:04:03 GMT+07:00" name="setUp" finished-at="2025-07-22T16:04:04 GMT+07:00" duration-ms="1292" status="PASS">
          <reporter-output>
          </reporter-output>
        </test-method> <!-- setUp -->
        <test-method signature="testLoginFromExcel(java.lang.String,java.lang.String,java.lang.String,java.lang.String)[pri:0, instance:tests.LoginTest@306f16f3]" started-at="2025-07-22T16:04:04 GMT+07:00" name="testLoginFromExcel" data-provider="loginData" finished-at="2025-07-22T16:04:05 GMT+07:00" duration-ms="345" status="PASS">
          <params>
            <param index="0">
              <value>
                <![CDATA[TC04]]>
              </value>
            </param>
            <param index="1">
              <value>
                <![CDATA[invalid_user]]>
              </value>
            </param>
            <param index="2">
              <value>
                <![CDATA[wrong_password]]>
              </value>
            </param>
            <param index="3">
              <value>
                <![CDATA[Failure]]>
              </value>
            </param>
          </params>
          <reporter-output>
          </reporter-output>
        </test-method> <!-- testLoginFromExcel -->
        <test-method is-config="true" signature="tearDown()[pri:0, instance:tests.LoginTest@306f16f3]" started-at="2025-07-22T16:04:05 GMT+07:00" name="tearDown" finished-at="2025-07-22T16:04:05 GMT+07:00" duration-ms="231" status="PASS">
          <reporter-output>
          </reporter-output>
        </test-method> <!-- tearDown -->
      </class> <!-- tests.LoginTest -->
    </test> <!-- Surefire test -->
  </suite> <!-- Surefire suite -->
</testng-results>
