<?xml version="1.0" encoding="UTF-8"?>
<!-- Generated by org.testng.reporters.JUnitReportReporter -->
<testsuite hostname="Vostro5490" failures="0" tests="4" name="tests.LoginTest" time="8.226" errors="0" timestamp="2025-07-22T16:04:05 GMT+07:00" skipped="0">
  <testcase classname="tests.LoginTest" name="testLoginFromExcel" time="1.985"/>
  <testcase classname="tests.LoginTest" name="testLoginFromExcel" time="2.610"/>
  <testcase classname="tests.LoginTest" name="testLoginFromExcel" time="1.919"/>
  <testcase classname="tests.LoginTest" name="testLoginFromExcel" time="1.712"/>
</testsuite> <!-- tests.LoginTest -->
